--------------- Clean Started: 03/09/2017 16:50:34 Project: PAFE-Shield, Configuration: ARM GCC 5.4-2016-q2-update Debug ---------------
Deleting file ".\CortexM0p\ARM_GCC_541\Debug\main.o"
Deleting file ".\CortexM0p\ARM_GCC_541\Debug\cyfitter_cfg.o"
Deleting file ".\CortexM0p\ARM_GCC_541\Debug\cybootloader.o"
Deleting file ".\CortexM0p\ARM_GCC_541\Debug\cymetadata.o"
Deleting file ".\CortexM0p\ARM_GCC_541\Debug\CapSense_Control.o"
Deleting file ".\CortexM0p\ARM_GCC_541\Debug\CapSense_Processing.o"
Deleting file ".\CortexM0p\ARM_GCC_541\Debug\CapSense_Structure.o"
Deleting file ".\CortexM0p\ARM_GCC_541\Debug\CapSense_Tuner.o"
Deleting file ".\CortexM0p\ARM_GCC_541\Debug\CapSense_Filter.o"
Deleting file ".\CortexM0p\ARM_GCC_541\Debug\CapSense_Sensing.o"
Deleting file ".\CortexM0p\ARM_GCC_541\Debug\CapSense_INT.o"
Deleting file ".\CortexM0p\ARM_GCC_541\Debug\CapSense_SensingCSD_LL.o"
Deleting file ".\CortexM0p\ARM_GCC_541\Debug\CBLED3.o"
Deleting file ".\CortexM0p\ARM_GCC_541\Debug\CBLED3_PM.o"
Deleting file ".\CortexM0p\ARM_GCC_541\Debug\EZI2C.o"
Deleting file ".\CortexM0p\ARM_GCC_541\Debug\EZI2C_PM.o"
Deleting file ".\CortexM0p\ARM_GCC_541\Debug\EZI2C_BOOT.o"
Deleting file ".\CortexM0p\ARM_GCC_541\Debug\EZI2C_EZI2C.o"
Deleting file ".\CortexM0p\ARM_GCC_541\Debug\EZI2C_EZI2C_INT.o"
Deleting file ".\CortexM0p\ARM_GCC_541\Debug\EZI2C_EZI2C_BOOT.o"
Deleting file ".\CortexM0p\ARM_GCC_541\Debug\Bootloadable.o"
Deleting file ".\CortexM0p\ARM_GCC_541\Debug\CBLED0.o"
Deleting file ".\CortexM0p\ARM_GCC_541\Debug\CBLED0_PM.o"
Deleting file ".\CortexM0p\ARM_GCC_541\Debug\CBLED1.o"
Deleting file ".\CortexM0p\ARM_GCC_541\Debug\CBLED1_PM.o"
Deleting file ".\CortexM0p\ARM_GCC_541\Debug\CBLED2.o"
Deleting file ".\CortexM0p\ARM_GCC_541\Debug\CBLED2_PM.o"
Deleting file ".\CortexM0p\ARM_GCC_541\Debug\CapSense_ISR.o"
Deleting file ".\CortexM0p\ARM_GCC_541\Debug\EZI2C_SCBCLK.o"
Deleting file ".\CortexM0p\ARM_GCC_541\Debug\EZI2C_sda.o"
Deleting file ".\CortexM0p\ARM_GCC_541\Debug\EZI2C_sda_PM.o"
Deleting file ".\CortexM0p\ARM_GCC_541\Debug\EZI2C_scl.o"
Deleting file ".\CortexM0p\ARM_GCC_541\Debug\EZI2C_scl_PM.o"
Deleting file ".\CortexM0p\ARM_GCC_541\Debug\EZI2C_SCB_IRQ.o"
Deleting file ".\CortexM0p\ARM_GCC_541\Debug\Cm0plusStart.o"
Deleting file ".\CortexM0p\ARM_GCC_541\Debug\CyFlash.o"
Deleting file ".\CortexM0p\ARM_GCC_541\Debug\CyLib.o"
Deleting file ".\CortexM0p\ARM_GCC_541\Debug\cyPm.o"
Deleting file ".\CortexM0p\ARM_GCC_541\Debug\cyutils.o"
Deleting file ".\CortexM0p\ARM_GCC_541\Debug\CyBootAsmGnu.o"
Deleting file ".\CortexM0p\ARM_GCC_541\Debug\CyDMA.o"
Deleting file ".\CortexM0p\ARM_GCC_541\Debug\CyLFClk.o"
Deleting file ".\CortexM0p\ARM_GCC_541\Debug\PAFE-Shield.hex"
Deleting file ".\CortexM0p\ARM_GCC_541\Debug\PAFE-Shield.elf"
Deleting file ".\CortexM0p\ARM_GCC_541\Debug\PAFE-Shield.map"
Deleting file ".\CortexM0p\ARM_GCC_541\Debug\PAFE-Shield.cyacd"
Deleting file ".\PAFE-Shield.cycdx"
Deleting file ".\PAFE-Shield.rpt"
Deleting file ".\CortexM0p\ARM_GCC_541\Debug\.deps\SOURCE_C__ARM_GCC_GENERIC.P"
Deleting file ".\CortexM0p\ARM_GCC_541\Debug\.deps\SOURCE_ASM__ARM_GCC_GENERIC.P"
--------------- Clean Succeeded: 03/09/2017 16:50:34 ---------------
