--------------- Build Started: 03/11/2017 14:42:29 Project: PSoC-MotorDriver, Configuration: ARM GCC 5.4-2016-q2-update Debug ---------------
cydsfit.exe -.appdatapath "C:\Users\arh\AppData\Local\Cypress Semiconductor\PSoC Creator\4.1" -.fdsnotice -.fdswarpdepfile=warp_dependencies.txt -.fdselabdepfile=elab_dependencies.txt -.fdsbldfile=generated_files.txt -.fdsreffile=referenced_files.txt -p "\\vmware-host\Shared Folders\Documents\emb2017\psoc\emb2017\PSoC-MotorDriver.cydsn\PSoC-MotorDriver.cyprj" -d CY8C637BZI-BLD74 -s "\\vmware-host\Shared Folders\Documents\emb2017\psoc\emb2017\PSoC-MotorDriver.cydsn\Generated_Source\PSoC6" -- -yv2 -q10 -ygs -o2 -v3 -.fftcfgtype=LE
Elaborating Design...
HDL Generation...
Synthesis...
Tech Mapping...
Info: plm.M0038: The pin named CPUSS_SWJ_SWCLK_TCLK(0) at location P6[7] prevents usage of special purposes: TCPWM[3].line_compl. (App=cydsfit)
Info: plm.M0038: The pin named CPUSS_SWJ_SWCLK_TCLK(0) at location P6[7] prevents usage of special purposes: TCPWM[19].line_compl. (App=cydsfit)
Info: plm.M0038: The pin named CPUSS_SWJ_SWCLK_TCLK(0) at location P6[7] prevents usage of special purposes: SCB[6].uart_cts. (App=cydsfit)
Info: plm.M0038: The pin named CPUSS_SWJ_SWCLK_TCLK(0) at location P6[7] prevents usage of special purposes: SCB[6].spi_select[0]. (App=cydsfit)
Info: plm.M0038: The pin named CPUSS_SWJ_SWCLK_TCLK(0) at location P6[7] prevents usage of special purposes: SCB[8].spi_select[0]. (App=cydsfit)
Info: plm.M0038: The pin named CPUSS_SWJ_SWDIO_TMS(0) at location P6[6] prevents usage of special purposes: TCPWM[3].line. (App=cydsfit)
Info: plm.M0038: The pin named CPUSS_SWJ_SWDIO_TMS(0) at location P6[6] prevents usage of special purposes: TCPWM[19].line. (App=cydsfit)
Info: plm.M0038: The pin named CPUSS_SWJ_SWDIO_TMS(0) at location P6[6] prevents usage of special purposes: SCB[6].uart_rts. (App=cydsfit)
Info: plm.M0038: The pin named CPUSS_SWJ_SWDIO_TMS(0) at location P6[6] prevents usage of special purposes: SCB[6].spi_clk. (App=cydsfit)
Info: plm.M0038: The pin named CPUSS_SWJ_SWDIO_TMS(0) at location P6[6] prevents usage of special purposes: SCB[8].spi_clk. (App=cydsfit)
Analog Placement...
Analog Routing...
Analog Code Generation...
Digital Placement...
Digital Routing...
Info: pft.M0077: There is no timing information available for the selected device. Static timing checks will not be applied and digital routing will not be timing-driven. (App=cydsfit)
Bitstream Generation...
Bitstream Verification...
Static timing analysis...
API Generation...
Dependency Generation...
Cleanup...
arm-none-eabi-gcc.exe -c Generated_Source\PSoC6\cyfitter_cfg.c -o .\CortexM0p\ARM_GCC_541\Debug\cyfitter_cfg.o -mcpu=cortex-m0plus -mthumb -I. -IGenerated_Source\PSoC6 -IGenerated_Source\PSoC6\pdl\cmsis/include/ -IGenerated_Source\PSoC6\pdl\devices/psoc6/ip/ -IGenerated_Source\PSoC6\pdl\devices/psoc6/psoc6ble/include/ -IGenerated_Source\PSoC6\pdl\drivers/peripheral/ -IGenerated_Source\PSoC6\pdl\middleware/ -Wa,-alh=.\CortexM0p\ARM_GCC_541\Debug/cyfitter_cfg.lst -g -D DEBUG -D CY_CORE_ID=0 -D CY_PSOC_CREATOR_USED=1 -D CY8C637BZI_BLD74 -Wall -ffunction-sections -ffat-lto-objects -Og
arm-none-eabi-ar.exe -rs .\CortexM0p\ARM_GCC_541\Debug\PSoC-MotorDriver.a .\CortexM0p\ARM_GCC_541\Debug\cyfitter_sysint_cfg.o .\CortexM0p\ARM_GCC_541\Debug\EZI2C.o .\CortexM0p\ARM_GCC_541\Debug\PWM_1.o .\CortexM0p\ARM_GCC_541\Debug\cy_sysint.o .\CortexM0p\ARM_GCC_541\Debug\cy_ipc_drv.o .\CortexM0p\ARM_GCC_541\Debug\cy_ipc_lock.o .\CortexM0p\ARM_GCC_541\Debug\cy_ipc_pipe.o .\CortexM0p\ARM_GCC_541\Debug\cy_ipc_config.o .\CortexM0p\ARM_GCC_541\Debug\cy_sysclk.o .\CortexM0p\ARM_GCC_541\Debug\cy_wdt.o .\CortexM0p\ARM_GCC_541\Debug\cy_tcpwm_counter.o .\CortexM0p\ARM_GCC_541\Debug\cy_tcpwm_pwm.o .\CortexM0p\ARM_GCC_541\Debug\cy_tcpwm_quaddec.o .\CortexM0p\ARM_GCC_541\Debug\cy_scb_common.o .\CortexM0p\ARM_GCC_541\Debug\cy_scb_i2c.o .\CortexM0p\ARM_GCC_541\Debug\cy_scb_ezi2c.o .\CortexM0p\ARM_GCC_541\Debug\cy_scb_spi.o .\CortexM0p\ARM_GCC_541\Debug\cy_scb_uart.o .\CortexM0p\ARM_GCC_541\Debug\cy_flash.o .\CortexM0p\ARM_GCC_541\Debug\cy_gpio.o .\CortexM0p\ARM_GCC_541\Debug\cy_syspm.o .\CortexM0p\ARM_GCC_541\Debug\cy_syslib.o .\CortexM0p\ARM_GCC_541\Debug\cy_syslib_gcc.o .\CortexM0p\ARM_GCC_541\Debug\cy_trigmux.o .\CortexM0p\ARM_GCC_541\Debug\cy_systick.o .\CortexM0p\ARM_GCC_541\Debug\cy_crypto.o .\CortexM0p\ARM_GCC_541\Debug\cy_crypto_server.o .\CortexM0p\ARM_GCC_541\Debug\cy_crypto_core_des.o .\CortexM0p\ARM_GCC_541\Debug\cy_crypto_core_aes.o .\CortexM0p\ARM_GCC_541\Debug\cy_crypto_core_cmac.o .\CortexM0p\ARM_GCC_541\Debug\cy_crypto_core_crc.o .\CortexM0p\ARM_GCC_541\Debug\cy_crypto_core_hmac.o .\CortexM0p\ARM_GCC_541\Debug\cy_crypto_core_prng.o .\CortexM0p\ARM_GCC_541\Debug\cy_crypto_core_rsa.o .\CortexM0p\ARM_GCC_541\Debug\cy_crypto_core_sha.o .\CortexM0p\ARM_GCC_541\Debug\cy_crypto_core_str.o .\CortexM0p\ARM_GCC_541\Debug\cy_crypto_core_trng.o .\CortexM0p\ARM_GCC_541\Debug\cy_crypto_core_util.o .\CortexM0p\ARM_GCC_541\Debug\cy_crypto_core_vu.o .\CortexM0p\ARM_GCC_541\Debug\cy_profile.o .\CortexM0p\ARM_GCC_541\Debug\cy_prot.o .\CortexM0p\ARM_GCC_541\Debug\cy_ble_clk.o .\CortexM0p\ARM_GCC_541\Debug\PWM_2.o
arm-none-eabi-ar.exe: creating .\CortexM0p\ARM_GCC_541\Debug\PSoC-MotorDriver.a
arm-none-eabi-gcc.exe -Wl,--start-group -o "\\vmware-host\Shared Folders\Documents\emb2017\psoc\emb2017\PSoC-MotorDriver.cydsn\CortexM0p\ARM_GCC_541\Debug\PSoC-MotorDriver_link.elf" .\CortexM0p\ARM_GCC_541\Debug\main_cm0p.o .\CortexM0p\ARM_GCC_541\Debug\startup_psoc6ble_cm0plus.o .\CortexM0p\ARM_GCC_541\Debug\system_psoc6ble_cm0plus.o .\CortexM0p\ARM_GCC_541\Debug\cyfitter_cfg.o .\CortexM0p\ARM_GCC_541\Debug\cymetadata.o .\CortexM0p\ARM_GCC_541\Debug\PSoC-MotorDriver.a -mcpu=cortex-m0plus -mthumb -L Generated_Source\PSoC6 -Wl,-Map,.\CortexM0p\ARM_GCC_541\Debug/PSoC-MotorDriver.map -T cy8c6x7_cm0plus.ld -specs=nano.specs -Wl,--gc-sections -g -ffunction-sections -Og -ffat-lto-objects -Wl,--end-group
cypdlelftool.exe --complete "\\vmware-host\Shared Folders\Documents\emb2017\psoc\emb2017\PSoC-MotorDriver.cydsn\CortexM0p\ARM_GCC_541\Debug\PSoC-MotorDriver_link.elf" --output "\\vmware-host\Shared Folders\Documents\emb2017\psoc\emb2017\PSoC-MotorDriver.cydsn\CortexM0p\ARM_GCC_541\Debug\PSoC-MotorDriver.elf" --hex "\\vmware-host\Shared Folders\Documents\emb2017\psoc\emb2017\PSoC-MotorDriver.cydsn\CortexM0p\ARM_GCC_541\Debug\PSoC-MotorDriver.hex"
arm-none-eabi-gcc.exe -c main_cm4.c -o .\CortexM4\ARM_GCC_541\Debug\main_cm4.o -mcpu=cortex-m4 -mthumb -I. -IGenerated_Source\PSoC6 -IGenerated_Source\PSoC6\pdl\cmsis/include/ -IGenerated_Source\PSoC6\pdl\devices/psoc6/ip/ -IGenerated_Source\PSoC6\pdl\devices/psoc6/psoc6ble/include/ -IGenerated_Source\PSoC6\pdl\drivers/peripheral/ -IGenerated_Source\PSoC6\pdl\middleware/ -Wa,-alh=.\CortexM4\ARM_GCC_541\Debug/main_cm4.lst -g -D DEBUG -D CY_CORE_ID=0 -D CY_PSOC_CREATOR_USED=1 -D CY8C637BZI_BLD74 -Wall -ffunction-sections -ffat-lto-objects -Og
arm-none-eabi-ar.exe -rs .\CortexM4\ARM_GCC_541\Debug\PSoC-MotorDriver.a .\CortexM4\ARM_GCC_541\Debug\cyfitter_sysint_cfg.o .\CortexM4\ARM_GCC_541\Debug\EZI2C.o .\CortexM4\ARM_GCC_541\Debug\PWM_1.o .\CortexM4\ARM_GCC_541\Debug\cy_sysint.o .\CortexM4\ARM_GCC_541\Debug\cy_ipc_drv.o .\CortexM4\ARM_GCC_541\Debug\cy_ipc_lock.o .\CortexM4\ARM_GCC_541\Debug\cy_ipc_pipe.o .\CortexM4\ARM_GCC_541\Debug\cy_ipc_config.o .\CortexM4\ARM_GCC_541\Debug\cy_sysclk.o .\CortexM4\ARM_GCC_541\Debug\cy_wdt.o .\CortexM4\ARM_GCC_541\Debug\cy_tcpwm_counter.o .\CortexM4\ARM_GCC_541\Debug\cy_tcpwm_pwm.o .\CortexM4\ARM_GCC_541\Debug\cy_tcpwm_quaddec.o .\CortexM4\ARM_GCC_541\Debug\cy_scb_common.o .\CortexM4\ARM_GCC_541\Debug\cy_scb_i2c.o .\CortexM4\ARM_GCC_541\Debug\cy_scb_ezi2c.o .\CortexM4\ARM_GCC_541\Debug\cy_scb_spi.o .\CortexM4\ARM_GCC_541\Debug\cy_scb_uart.o .\CortexM4\ARM_GCC_541\Debug\cy_flash.o .\CortexM4\ARM_GCC_541\Debug\cy_gpio.o .\CortexM4\ARM_GCC_541\Debug\cy_syspm.o .\CortexM4\ARM_GCC_541\Debug\cy_syslib.o .\CortexM4\ARM_GCC_541\Debug\cy_syslib_gcc.o .\CortexM4\ARM_GCC_541\Debug\cy_trigmux.o .\CortexM4\ARM_GCC_541\Debug\cy_systick.o .\CortexM4\ARM_GCC_541\Debug\cy_crypto.o .\CortexM4\ARM_GCC_541\Debug\cy_profile.o .\CortexM4\ARM_GCC_541\Debug\cy_prot.o .\CortexM4\ARM_GCC_541\Debug\cy_ble_clk.o .\CortexM4\ARM_GCC_541\Debug\PWM_2.o
arm-none-eabi-ar.exe: creating .\CortexM4\ARM_GCC_541\Debug\PSoC-MotorDriver.a
arm-none-eabi-gcc.exe -Wl,--start-group -o "\\vmware-host\Shared Folders\Documents\emb2017\psoc\emb2017\PSoC-MotorDriver.cydsn\CortexM4\ARM_GCC_541\Debug\PSoC-MotorDriver_link.elf" .\CortexM4\ARM_GCC_541\Debug\main_cm4.o .\CortexM4\ARM_GCC_541\Debug\startup_psoc6ble_cm4.o .\CortexM4\ARM_GCC_541\Debug\system_psoc6ble_cm4.o .\CortexM4\ARM_GCC_541\Debug\cymetadata.o .\CortexM4\ARM_GCC_541\Debug\PSoC-MotorDriver.a -mcpu=cortex-m4 -mthumb -L Generated_Source\PSoC6 -Wl,-Map,.\CortexM4\ARM_GCC_541\Debug/PSoC-MotorDriver.map -T cy8c6x7_cm4_dual.ld -specs=nano.specs -Wl,--gc-sections -g -ffunction-sections -Og -ffat-lto-objects -Wl,--end-group
cypdlelftool.exe --complete "\\vmware-host\Shared Folders\Documents\emb2017\psoc\emb2017\PSoC-MotorDriver.cydsn\CortexM4\ARM_GCC_541\Debug\PSoC-MotorDriver_link.elf" "\\vmware-host\Shared Folders\Documents\emb2017\psoc\emb2017\PSoC-MotorDriver.cydsn\CortexM0p\ARM_GCC_541\Debug\PSoC-MotorDriver_link.elf" --output "\\vmware-host\Shared Folders\Documents\emb2017\psoc\emb2017\PSoC-MotorDriver.cydsn\CortexM4\ARM_GCC_541\Debug\PSoC-MotorDriver.elf" --hex "\\vmware-host\Shared Folders\Documents\emb2017\psoc\emb2017\PSoC-MotorDriver.cydsn\CortexM4\ARM_GCC_541\Debug\PSoC-MotorDriver.hex"
--------------- Build Succeeded: 03/11/2017 14:42:58 ---------------
