--------------- Clean Started: 03/10/2017 18:36:20 Project: PSoC-MotorDriver, Configuration: ARM GCC 5.4-2016-q2-update Debug ---------------
Deleting file ".\CortexM0p\ARM_GCC_541\Debug\main_cm0p.o"
Deleting file ".\CortexM0p\ARM_GCC_541\Debug\cyfitter_sysint_cfg.o"
Deleting file ".\CortexM0p\ARM_GCC_541\Debug\cyfitter_cfg.o"
Deleting file ".\CortexM0p\ARM_GCC_541\Debug\cymetadata.o"
Deleting file ".\CortexM0p\ARM_GCC_541\Debug\EZI2C.o"
Deleting file ".\CortexM0p\ARM_GCC_541\Debug\PWM_1.o"
Deleting file ".\CortexM0p\ARM_GCC_541\Debug\cy_sysint.o"
Deleting file ".\CortexM0p\ARM_GCC_541\Debug\cy_ipc_drv.o"
Deleting file ".\CortexM0p\ARM_GCC_541\Debug\cy_ipc_lock.o"
Deleting file ".\CortexM0p\ARM_GCC_541\Debug\cy_ipc_pipe.o"
Deleting file ".\CortexM0p\ARM_GCC_541\Debug\cy_ipc_config.o"
Deleting file ".\CortexM0p\ARM_GCC_541\Debug\cy_sysclk.o"
Deleting file ".\CortexM0p\ARM_GCC_541\Debug\cy_wdt.o"
Deleting file ".\CortexM0p\ARM_GCC_541\Debug\cy_tcpwm_counter.o"
Deleting file ".\CortexM0p\ARM_GCC_541\Debug\cy_tcpwm_pwm.o"
Deleting file ".\CortexM0p\ARM_GCC_541\Debug\cy_tcpwm_quaddec.o"
Deleting file ".\CortexM0p\ARM_GCC_541\Debug\cy_scb_common.o"
Deleting file ".\CortexM0p\ARM_GCC_541\Debug\cy_scb_i2c.o"
Deleting file ".\CortexM0p\ARM_GCC_541\Debug\cy_scb_ezi2c.o"
Deleting file ".\CortexM0p\ARM_GCC_541\Debug\cy_scb_spi.o"
Deleting file ".\CortexM0p\ARM_GCC_541\Debug\cy_scb_uart.o"
Deleting file ".\CortexM0p\ARM_GCC_541\Debug\cy_flash.o"
Deleting file ".\CortexM0p\ARM_GCC_541\Debug\cy_gpio.o"
Deleting file ".\CortexM0p\ARM_GCC_541\Debug\cy_syspm.o"
Deleting file ".\CortexM0p\ARM_GCC_541\Debug\cy_syslib.o"
Deleting file ".\CortexM0p\ARM_GCC_541\Debug\cy_syslib_gcc.o"
Deleting file ".\CortexM0p\ARM_GCC_541\Debug\cy_trigmux.o"
Deleting file ".\CortexM0p\ARM_GCC_541\Debug\cy_systick.o"
Deleting file ".\CortexM0p\ARM_GCC_541\Debug\cy_crypto.o"
Deleting file ".\CortexM0p\ARM_GCC_541\Debug\cy_crypto_server.o"
Deleting file ".\CortexM0p\ARM_GCC_541\Debug\cy_crypto_core_des.o"
Deleting file ".\CortexM0p\ARM_GCC_541\Debug\cy_crypto_core_aes.o"
Deleting file ".\CortexM0p\ARM_GCC_541\Debug\cy_crypto_core_cmac.o"
Deleting file ".\CortexM0p\ARM_GCC_541\Debug\cy_crypto_core_crc.o"
Deleting file ".\CortexM0p\ARM_GCC_541\Debug\cy_crypto_core_hmac.o"
Deleting file ".\CortexM0p\ARM_GCC_541\Debug\cy_crypto_core_prng.o"
Deleting file ".\CortexM0p\ARM_GCC_541\Debug\cy_crypto_core_rsa.o"
Deleting file ".\CortexM0p\ARM_GCC_541\Debug\cy_crypto_core_sha.o"
Deleting file ".\CortexM0p\ARM_GCC_541\Debug\cy_crypto_core_str.o"
Deleting file ".\CortexM0p\ARM_GCC_541\Debug\cy_crypto_core_trng.o"
Deleting file ".\CortexM0p\ARM_GCC_541\Debug\cy_crypto_core_util.o"
Deleting file ".\CortexM0p\ARM_GCC_541\Debug\cy_crypto_core_vu.o"
Deleting file ".\CortexM0p\ARM_GCC_541\Debug\cy_profile.o"
Deleting file ".\CortexM0p\ARM_GCC_541\Debug\cy_prot.o"
Deleting file ".\CortexM0p\ARM_GCC_541\Debug\cy_ble_clk.o"
Deleting file ".\CortexM0p\ARM_GCC_541\Debug\system_psoc6ble_cm0plus.o"
Deleting file ".\CortexM0p\ARM_GCC_541\Debug\startup_psoc6ble_cm0plus.o"
Deleting file ".\CortexM0p\ARM_GCC_541\Debug\PSoC-MotorDriver.hex"
Deleting file ".\CortexM0p\ARM_GCC_541\Debug\PSoC-MotorDriver.elf"
Deleting file ".\CortexM0p\ARM_GCC_541\Debug\PSoC-MotorDriver.map"
Deleting file ".\PSoC-MotorDriver.cycdx"
Deleting file ".\PSoC-MotorDriver.rpt"
Deleting file ".\CortexM0p\ARM_GCC_541\Debug\.deps\SOURCE_C__ARM_GCC_GENERIC.P"
Deleting file ".\CortexM4\ARM_GCC_541\Debug\main_cm4.o"
Deleting file ".\CortexM4\ARM_GCC_541\Debug\cyfitter_sysint_cfg.o"
Deleting file ".\CortexM4\ARM_GCC_541\Debug\cymetadata.o"
Deleting file ".\CortexM4\ARM_GCC_541\Debug\EZI2C.o"
Deleting file ".\CortexM4\ARM_GCC_541\Debug\PWM_1.o"
Deleting file ".\CortexM4\ARM_GCC_541\Debug\cy_sysint.o"
Deleting file ".\CortexM4\ARM_GCC_541\Debug\cy_ipc_drv.o"
Deleting file ".\CortexM4\ARM_GCC_541\Debug\cy_ipc_lock.o"
Deleting file ".\CortexM4\ARM_GCC_541\Debug\cy_ipc_pipe.o"
Deleting file ".\CortexM4\ARM_GCC_541\Debug\cy_ipc_config.o"
Deleting file ".\CortexM4\ARM_GCC_541\Debug\cy_sysclk.o"
Deleting file ".\CortexM4\ARM_GCC_541\Debug\cy_wdt.o"
Deleting file ".\CortexM4\ARM_GCC_541\Debug\cy_tcpwm_counter.o"
Deleting file ".\CortexM4\ARM_GCC_541\Debug\cy_tcpwm_pwm.o"
Deleting file ".\CortexM4\ARM_GCC_541\Debug\cy_tcpwm_quaddec.o"
Deleting file ".\CortexM4\ARM_GCC_541\Debug\cy_scb_common.o"
Deleting file ".\CortexM4\ARM_GCC_541\Debug\cy_scb_i2c.o"
Deleting file ".\CortexM4\ARM_GCC_541\Debug\cy_scb_ezi2c.o"
Deleting file ".\CortexM4\ARM_GCC_541\Debug\cy_scb_spi.o"
Deleting file ".\CortexM4\ARM_GCC_541\Debug\cy_scb_uart.o"
Deleting file ".\CortexM4\ARM_GCC_541\Debug\cy_flash.o"
Deleting file ".\CortexM4\ARM_GCC_541\Debug\cy_gpio.o"
Deleting file ".\CortexM4\ARM_GCC_541\Debug\cy_syspm.o"
Deleting file ".\CortexM4\ARM_GCC_541\Debug\cy_syslib.o"
Deleting file ".\CortexM4\ARM_GCC_541\Debug\cy_syslib_gcc.o"
Deleting file ".\CortexM4\ARM_GCC_541\Debug\cy_trigmux.o"
Deleting file ".\CortexM4\ARM_GCC_541\Debug\cy_systick.o"
Deleting file ".\CortexM4\ARM_GCC_541\Debug\cy_crypto.o"
Deleting file ".\CortexM4\ARM_GCC_541\Debug\cy_profile.o"
Deleting file ".\CortexM4\ARM_GCC_541\Debug\cy_prot.o"
Deleting file ".\CortexM4\ARM_GCC_541\Debug\cy_ble_clk.o"
Deleting file ".\CortexM4\ARM_GCC_541\Debug\system_psoc6ble_cm4.o"
Deleting file ".\CortexM4\ARM_GCC_541\Debug\startup_psoc6ble_cm4.o"
Deleting file ".\CortexM4\ARM_GCC_541\Debug\PSoC-MotorDriver.hex"
Deleting file ".\CortexM4\ARM_GCC_541\Debug\PSoC-MotorDriver.elf"
Deleting file ".\CortexM4\ARM_GCC_541\Debug\PSoC-MotorDriver.map"
Deleting file ".\CortexM4\ARM_GCC_541\Debug\.deps\SOURCE_C__ARM_GCC_GENERIC.P"
--------------- Clean Succeeded: 03/10/2017 18:36:20 ---------------
